[2021-09-17 07:29:48] laravel.EMERGENCY: Unable to create configured logger. Using emergency logger. {"exception":"[object] (InvalidArgumentException(code: 0): Log [] is not defined. at E:\\www\\laravel\\packages\\Gdl2Studio\\IdeHelper\\vendor\\laravel\\framework\\src\\Illuminate\\Log\\LogManager.php:192)
[stacktrace]
#0 E:\\www\\laravel\\packages\\Gdl2Studio\\IdeHelper\\vendor\\laravel\\framework\\src\\Illuminate\\Log\\LogManager.php(118): Illuminate\\Log\\LogManager->resolve()
#1 E:\\www\\laravel\\packages\\Gdl2Studio\\IdeHelper\\vendor\\laravel\\framework\\src\\Illuminate\\Log\\LogManager.php(98): Illuminate\\Log\\LogManager->get()
#2 E:\\www\\laravel\\packages\\Gdl2Studio\\IdeHelper\\vendor\\laravel\\framework\\src\\Illuminate\\Log\\LogManager.php(555): Illuminate\\Log\\LogManager->driver()
#3 E:\\www\\laravel\\packages\\Gdl2Studio\\IdeHelper\\vendor\\laravel\\framework\\src\\Illuminate\\Foundation\\Exceptions\\Handler.php(252): Illuminate\\Log\\LogManager->error()
#4 E:\\www\\laravel\\packages\\Gdl2Studio\\IdeHelper\\src\\Exceptions\\Handler.php(32): Illuminate\\Foundation\\Exceptions\\Handler->report()
#5 E:\\www\\laravel\\packages\\Gdl2Studio\\IdeHelper\\vendor\\laravel\\framework\\src\\Illuminate\\Foundation\\Console\\Kernel.php(366): Gdl2Studio\\IdeHelper\\Exceptions\\Handler->report()
#6 E:\\www\\laravel\\packages\\Gdl2Studio\\IdeHelper\\vendor\\laravel\\framework\\src\\Illuminate\\Foundation\\Console\\Kernel.php(131): Illuminate\\Foundation\\Console\\Kernel->reportException()
#7 E:\\www\\laravel\\packages\\Gdl2Studio\\IdeHelper\un.php(36): Illuminate\\Foundation\\Console\\Kernel->handle()
#8 {main}
"} 
[2021-09-17 07:29:49] laravel.ERROR: Gdl2Studio\IdeHelper\Console\Commands\FacadesCommand::Gdl2Studio\IdeHelper\Console\Commands\{closure}(): Argument #1 ($item) must be of type Gdl2Studio\IdeHelper\PhpFile, string given, called in E:\www\laravel\packages\Gdl2Studio\IdeHelper\vendor\laravel\framework\src\Illuminate\Collections\Traits\EnumeratesValues.php on line 234 {"exception":"[object] (TypeError(code: 0): Gdl2Studio\\IdeHelper\\Console\\Commands\\FacadesCommand::Gdl2Studio\\IdeHelper\\Console\\Commands\\{closure}(): Argument #1 ($item) must be of type Gdl2Studio\\IdeHelper\\PhpFile, string given, called in E:\\www\\laravel\\packages\\Gdl2Studio\\IdeHelper\\vendor\\laravel\\framework\\src\\Illuminate\\Collections\\Traits\\EnumeratesValues.php on line 234 at E:\\www\\laravel\\packages\\Gdl2Studio\\IdeHelper\\src\\Console\\Commands\\FacadesCommand.php:26)
[stacktrace]
#0 E:\\www\\laravel\\packages\\Gdl2Studio\\IdeHelper\\vendor\\laravel\\framework\\src\\Illuminate\\Collections\\Traits\\EnumeratesValues.php(234): Gdl2Studio\\IdeHelper\\Console\\Commands\\FacadesCommand->Gdl2Studio\\IdeHelper\\Console\\Commands\\{closure}()
#1 E:\\www\\laravel\\packages\\Gdl2Studio\\IdeHelper\\src\\Console\\Commands\\FacadesCommand.php(34): Illuminate\\Support\\Collection->each()
#2 E:\\www\\laravel\\packages\\Gdl2Studio\\IdeHelper\\vendor\\laravel\\framework\\src\\Illuminate\\Container\\BoundMethod.php(36): Gdl2Studio\\IdeHelper\\Console\\Commands\\FacadesCommand->handle()
#3 E:\\www\\laravel\\packages\\Gdl2Studio\\IdeHelper\\vendor\\laravel\\framework\\src\\Illuminate\\Container\\Util.php(40): Illuminate\\Container\\BoundMethod::Illuminate\\Container\\{closure}()
#4 E:\\www\\laravel\\packages\\Gdl2Studio\\IdeHelper\\vendor\\laravel\\framework\\src\\Illuminate\\Container\\BoundMethod.php(93): Illuminate\\Container\\Util::unwrapIfClosure()
#5 E:\\www\\laravel\\packages\\Gdl2Studio\\IdeHelper\\vendor\\laravel\\framework\\src\\Illuminate\\Container\\BoundMethod.php(37): Illuminate\\Container\\BoundMethod::callBoundMethod()
#6 E:\\www\\laravel\\packages\\Gdl2Studio\\IdeHelper\\vendor\\laravel\\framework\\src\\Illuminate\\Container\\Container.php(651): Illuminate\\Container\\BoundMethod::call()
#7 E:\\www\\laravel\\packages\\Gdl2Studio\\IdeHelper\\vendor\\laravel\\framework\\src\\Illuminate\\Console\\Command.php(136): Illuminate\\Container\\Container->call()
#8 E:\\www\\laravel\\packages\\Gdl2Studio\\IdeHelper\\vendor\\symfony\\console\\Command\\Command.php(299): Illuminate\\Console\\Command->execute()
#9 E:\\www\\laravel\\packages\\Gdl2Studio\\IdeHelper\\vendor\\laravel\\framework\\src\\Illuminate\\Console\\Command.php(121): Symfony\\Component\\Console\\Command\\Command->run()
#10 E:\\www\\laravel\\packages\\Gdl2Studio\\IdeHelper\\vendor\\symfony\\console\\Application.php(978): Illuminate\\Console\\Command->run()
#11 E:\\www\\laravel\\packages\\Gdl2Studio\\IdeHelper\\vendor\\symfony\\console\\Application.php(295): Symfony\\Component\\Console\\Application->doRunCommand()
#12 E:\\www\\laravel\\packages\\Gdl2Studio\\IdeHelper\\vendor\\symfony\\console\\Application.php(167): Symfony\\Component\\Console\\Application->doRun()
#13 E:\\www\\laravel\\packages\\Gdl2Studio\\IdeHelper\\vendor\\laravel\\framework\\src\\Illuminate\\Console\\Application.php(92): Symfony\\Component\\Console\\Application->run()
#14 E:\\www\\laravel\\packages\\Gdl2Studio\\IdeHelper\\vendor\\laravel\\framework\\src\\Illuminate\\Foundation\\Console\\Kernel.php(129): Illuminate\\Console\\Application->run()
#15 E:\\www\\laravel\\packages\\Gdl2Studio\\IdeHelper\un.php(36): Illuminate\\Foundation\\Console\\Kernel->handle()
#16 {main}
"} 
[2021-09-17 07:38:24] laravel.EMERGENCY: Unable to create configured logger. Using emergency logger. {"exception":"[object] (InvalidArgumentException(code: 0): Log [] is not defined. at E:\\www\\laravel\\packages\\Gdl2Studio\\IdeHelper\\vendor\\laravel\\framework\\src\\Illuminate\\Log\\LogManager.php:192)
[stacktrace]
#0 E:\\www\\laravel\\packages\\Gdl2Studio\\IdeHelper\\vendor\\laravel\\framework\\src\\Illuminate\\Log\\LogManager.php(118): Illuminate\\Log\\LogManager->resolve()
#1 E:\\www\\laravel\\packages\\Gdl2Studio\\IdeHelper\\vendor\\laravel\\framework\\src\\Illuminate\\Log\\LogManager.php(98): Illuminate\\Log\\LogManager->get()
#2 E:\\www\\laravel\\packages\\Gdl2Studio\\IdeHelper\\vendor\\laravel\\framework\\src\\Illuminate\\Log\\LogManager.php(555): Illuminate\\Log\\LogManager->driver()
#3 E:\\www\\laravel\\packages\\Gdl2Studio\\IdeHelper\\vendor\\laravel\\framework\\src\\Illuminate\\Foundation\\Exceptions\\Handler.php(252): Illuminate\\Log\\LogManager->error()
#4 E:\\www\\laravel\\packages\\Gdl2Studio\\IdeHelper\\src\\Exceptions\\Handler.php(32): Illuminate\\Foundation\\Exceptions\\Handler->report()
#5 E:\\www\\laravel\\packages\\Gdl2Studio\\IdeHelper\\vendor\\laravel\\framework\\src\\Illuminate\\Foundation\\Console\\Kernel.php(366): Gdl2Studio\\IdeHelper\\Exceptions\\Handler->report()
#6 E:\\www\\laravel\\packages\\Gdl2Studio\\IdeHelper\\vendor\\laravel\\framework\\src\\Illuminate\\Foundation\\Console\\Kernel.php(131): Illuminate\\Foundation\\Console\\Kernel->reportException()
#7 E:\\www\\laravel\\packages\\Gdl2Studio\\IdeHelper\un.php(36): Illuminate\\Foundation\\Console\\Kernel->handle()
#8 {main}
"} 
[2021-09-17 07:38:26] laravel.ERROR: The "-W" option does not exist. {"exception":"[object] (Symfony\\Component\\Console\\Exception\\RuntimeException(code: 0): The \"-W\" option does not exist. at E:\\www\\laravel\\packages\\Gdl2Studio\\IdeHelper\\vendor\\symfony\\console\\Input\\ArgvInput.php:198)
[stacktrace]
#0 E:\\www\\laravel\\packages\\Gdl2Studio\\IdeHelper\\vendor\\symfony\\console\\Input\\ArgvInput.php(100): Symfony\\Component\\Console\\Input\\ArgvInput->addShortOption()
#1 E:\\www\\laravel\\packages\\Gdl2Studio\\IdeHelper\\vendor\\symfony\\console\\Input\\ArgvInput.php(78): Symfony\\Component\\Console\\Input\\ArgvInput->parseShortOption()
#2 E:\\www\\laravel\\packages\\Gdl2Studio\\IdeHelper\\vendor\\symfony\\console\\Input\\Input.php(55): Symfony\\Component\\Console\\Input\\ArgvInput->parse()
#3 E:\\www\\laravel\\packages\\Gdl2Studio\\IdeHelper\\vendor\\symfony\\console\\Command\\Command.php(258): Symfony\\Component\\Console\\Input\\Input->bind()
#4 E:\\www\\laravel\\packages\\Gdl2Studio\\IdeHelper\\vendor\\laravel\\framework\\src\\Illuminate\\Console\\Command.php(121): Symfony\\Component\\Console\\Command\\Command->run()
#5 E:\\www\\laravel\\packages\\Gdl2Studio\\IdeHelper\\vendor\\symfony\\console\\Application.php(978): Illuminate\\Console\\Command->run()
#6 E:\\www\\laravel\\packages\\Gdl2Studio\\IdeHelper\\vendor\\symfony\\console\\Application.php(295): Symfony\\Component\\Console\\Application->doRunCommand()
#7 E:\\www\\laravel\\packages\\Gdl2Studio\\IdeHelper\\vendor\\symfony\\console\\Application.php(167): Symfony\\Component\\Console\\Application->doRun()
#8 E:\\www\\laravel\\packages\\Gdl2Studio\\IdeHelper\\vendor\\laravel\\framework\\src\\Illuminate\\Console\\Application.php(92): Symfony\\Component\\Console\\Application->run()
#9 E:\\www\\laravel\\packages\\Gdl2Studio\\IdeHelper\\vendor\\laravel\\framework\\src\\Illuminate\\Foundation\\Console\\Kernel.php(129): Illuminate\\Console\\Application->run()
#10 E:\\www\\laravel\\packages\\Gdl2Studio\\IdeHelper\un.php(36): Illuminate\\Foundation\\Console\\Kernel->handle()
#11 {main}
"} 
[2021-09-17 07:38:31] laravel.EMERGENCY: Unable to create configured logger. Using emergency logger. {"exception":"[object] (InvalidArgumentException(code: 0): Log [] is not defined. at E:\\www\\laravel\\packages\\Gdl2Studio\\IdeHelper\\vendor\\laravel\\framework\\src\\Illuminate\\Log\\LogManager.php:192)
[stacktrace]
#0 E:\\www\\laravel\\packages\\Gdl2Studio\\IdeHelper\\vendor\\laravel\\framework\\src\\Illuminate\\Log\\LogManager.php(118): Illuminate\\Log\\LogManager->resolve()
#1 E:\\www\\laravel\\packages\\Gdl2Studio\\IdeHelper\\vendor\\laravel\\framework\\src\\Illuminate\\Log\\LogManager.php(98): Illuminate\\Log\\LogManager->get()
#2 E:\\www\\laravel\\packages\\Gdl2Studio\\IdeHelper\\vendor\\laravel\\framework\\src\\Illuminate\\Log\\LogManager.php(555): Illuminate\\Log\\LogManager->driver()
#3 E:\\www\\laravel\\packages\\Gdl2Studio\\IdeHelper\\vendor\\laravel\\framework\\src\\Illuminate\\Foundation\\Exceptions\\Handler.php(252): Illuminate\\Log\\LogManager->error()
#4 E:\\www\\laravel\\packages\\Gdl2Studio\\IdeHelper\\src\\Exceptions\\Handler.php(32): Illuminate\\Foundation\\Exceptions\\Handler->report()
#5 E:\\www\\laravel\\packages\\Gdl2Studio\\IdeHelper\\vendor\\laravel\\framework\\src\\Illuminate\\Foundation\\Console\\Kernel.php(366): Gdl2Studio\\IdeHelper\\Exceptions\\Handler->report()
#6 E:\\www\\laravel\\packages\\Gdl2Studio\\IdeHelper\\vendor\\laravel\\framework\\src\\Illuminate\\Foundation\\Console\\Kernel.php(131): Illuminate\\Foundation\\Console\\Kernel->reportException()
#7 E:\\www\\laravel\\packages\\Gdl2Studio\\IdeHelper\un.php(36): Illuminate\\Foundation\\Console\\Kernel->handle()
#8 {main}
"} 
[2021-09-17 07:38:32] laravel.ERROR: The "--w" option does not exist. {"exception":"[object] (Symfony\\Component\\Console\\Exception\\RuntimeException(code: 0): The \"--w\" option does not exist. at E:\\www\\laravel\\packages\\Gdl2Studio\\IdeHelper\\vendor\\symfony\\console\\Input\\ArgvInput.php:213)
[stacktrace]
#0 E:\\www\\laravel\\packages\\Gdl2Studio\\IdeHelper\\vendor\\symfony\\console\\Input\\ArgvInput.php(142): Symfony\\Component\\Console\\Input\\ArgvInput->addLongOption()
#1 E:\\www\\laravel\\packages\\Gdl2Studio\\IdeHelper\\vendor\\symfony\\console\\Input\\ArgvInput.php(76): Symfony\\Component\\Console\\Input\\ArgvInput->parseLongOption()
#2 E:\\www\\laravel\\packages\\Gdl2Studio\\IdeHelper\\vendor\\symfony\\console\\Input\\Input.php(55): Symfony\\Component\\Console\\Input\\ArgvInput->parse()
#3 E:\\www\\laravel\\packages\\Gdl2Studio\\IdeHelper\\vendor\\symfony\\console\\Command\\Command.php(258): Symfony\\Component\\Console\\Input\\Input->bind()
#4 E:\\www\\laravel\\packages\\Gdl2Studio\\IdeHelper\\vendor\\laravel\\framework\\src\\Illuminate\\Console\\Command.php(121): Symfony\\Component\\Console\\Command\\Command->run()
#5 E:\\www\\laravel\\packages\\Gdl2Studio\\IdeHelper\\vendor\\symfony\\console\\Application.php(978): Illuminate\\Console\\Command->run()
#6 E:\\www\\laravel\\packages\\Gdl2Studio\\IdeHelper\\vendor\\symfony\\console\\Application.php(295): Symfony\\Component\\Console\\Application->doRunCommand()
#7 E:\\www\\laravel\\packages\\Gdl2Studio\\IdeHelper\\vendor\\symfony\\console\\Application.php(167): Symfony\\Component\\Console\\Application->doRun()
#8 E:\\www\\laravel\\packages\\Gdl2Studio\\IdeHelper\\vendor\\laravel\\framework\\src\\Illuminate\\Console\\Application.php(92): Symfony\\Component\\Console\\Application->run()
#9 E:\\www\\laravel\\packages\\Gdl2Studio\\IdeHelper\\vendor\\laravel\\framework\\src\\Illuminate\\Foundation\\Console\\Kernel.php(129): Illuminate\\Console\\Application->run()
#10 E:\\www\\laravel\\packages\\Gdl2Studio\\IdeHelper\un.php(36): Illuminate\\Foundation\\Console\\Kernel->handle()
#11 {main}
"} 
[2021-09-17 07:38:34] laravel.EMERGENCY: Unable to create configured logger. Using emergency logger. {"exception":"[object] (InvalidArgumentException(code: 0): Log [] is not defined. at E:\\www\\laravel\\packages\\Gdl2Studio\\IdeHelper\\vendor\\laravel\\framework\\src\\Illuminate\\Log\\LogManager.php:192)
[stacktrace]
#0 E:\\www\\laravel\\packages\\Gdl2Studio\\IdeHelper\\vendor\\laravel\\framework\\src\\Illuminate\\Log\\LogManager.php(118): Illuminate\\Log\\LogManager->resolve()
#1 E:\\www\\laravel\\packages\\Gdl2Studio\\IdeHelper\\vendor\\laravel\\framework\\src\\Illuminate\\Log\\LogManager.php(98): Illuminate\\Log\\LogManager->get()
#2 E:\\www\\laravel\\packages\\Gdl2Studio\\IdeHelper\\vendor\\laravel\\framework\\src\\Illuminate\\Log\\LogManager.php(555): Illuminate\\Log\\LogManager->driver()
#3 E:\\www\\laravel\\packages\\Gdl2Studio\\IdeHelper\\vendor\\laravel\\framework\\src\\Illuminate\\Foundation\\Exceptions\\Handler.php(252): Illuminate\\Log\\LogManager->error()
#4 E:\\www\\laravel\\packages\\Gdl2Studio\\IdeHelper\\src\\Exceptions\\Handler.php(32): Illuminate\\Foundation\\Exceptions\\Handler->report()
#5 E:\\www\\laravel\\packages\\Gdl2Studio\\IdeHelper\\vendor\\laravel\\framework\\src\\Illuminate\\Foundation\\Console\\Kernel.php(366): Gdl2Studio\\IdeHelper\\Exceptions\\Handler->report()
#6 E:\\www\\laravel\\packages\\Gdl2Studio\\IdeHelper\\vendor\\laravel\\framework\\src\\Illuminate\\Foundation\\Console\\Kernel.php(131): Illuminate\\Foundation\\Console\\Kernel->reportException()
#7 E:\\www\\laravel\\packages\\Gdl2Studio\\IdeHelper\un.php(36): Illuminate\\Foundation\\Console\\Kernel->handle()
#8 {main}
"} 
[2021-09-17 07:38:35] laravel.ERROR: The "--W" option does not exist. {"exception":"[object] (Symfony\\Component\\Console\\Exception\\RuntimeException(code: 0): The \"--W\" option does not exist. at E:\\www\\laravel\\packages\\Gdl2Studio\\IdeHelper\\vendor\\symfony\\console\\Input\\ArgvInput.php:213)
[stacktrace]
#0 E:\\www\\laravel\\packages\\Gdl2Studio\\IdeHelper\\vendor\\symfony\\console\\Input\\ArgvInput.php(142): Symfony\\Component\\Console\\Input\\ArgvInput->addLongOption()
#1 E:\\www\\laravel\\packages\\Gdl2Studio\\IdeHelper\\vendor\\symfony\\console\\Input\\ArgvInput.php(76): Symfony\\Component\\Console\\Input\\ArgvInput->parseLongOption()
#2 E:\\www\\laravel\\packages\\Gdl2Studio\\IdeHelper\\vendor\\symfony\\console\\Input\\Input.php(55): Symfony\\Component\\Console\\Input\\ArgvInput->parse()
#3 E:\\www\\laravel\\packages\\Gdl2Studio\\IdeHelper\\vendor\\symfony\\console\\Command\\Command.php(258): Symfony\\Component\\Console\\Input\\Input->bind()
#4 E:\\www\\laravel\\packages\\Gdl2Studio\\IdeHelper\\vendor\\laravel\\framework\\src\\Illuminate\\Console\\Command.php(121): Symfony\\Component\\Console\\Command\\Command->run()
#5 E:\\www\\laravel\\packages\\Gdl2Studio\\IdeHelper\\vendor\\symfony\\console\\Application.php(978): Illuminate\\Console\\Command->run()
#6 E:\\www\\laravel\\packages\\Gdl2Studio\\IdeHelper\\vendor\\symfony\\console\\Application.php(295): Symfony\\Component\\Console\\Application->doRunCommand()
#7 E:\\www\\laravel\\packages\\Gdl2Studio\\IdeHelper\\vendor\\symfony\\console\\Application.php(167): Symfony\\Component\\Console\\Application->doRun()
#8 E:\\www\\laravel\\packages\\Gdl2Studio\\IdeHelper\\vendor\\laravel\\framework\\src\\Illuminate\\Console\\Application.php(92): Symfony\\Component\\Console\\Application->run()
#9 E:\\www\\laravel\\packages\\Gdl2Studio\\IdeHelper\\vendor\\laravel\\framework\\src\\Illuminate\\Foundation\\Console\\Kernel.php(129): Illuminate\\Console\\Application->run()
#10 E:\\www\\laravel\\packages\\Gdl2Studio\\IdeHelper\un.php(36): Illuminate\\Foundation\\Console\\Kernel->handle()
#11 {main}
"} 
[2021-09-17 07:38:45] laravel.EMERGENCY: Unable to create configured logger. Using emergency logger. {"exception":"[object] (InvalidArgumentException(code: 0): Log [] is not defined. at E:\\www\\laravel\\packages\\Gdl2Studio\\IdeHelper\\vendor\\laravel\\framework\\src\\Illuminate\\Log\\LogManager.php:192)
[stacktrace]
#0 E:\\www\\laravel\\packages\\Gdl2Studio\\IdeHelper\\vendor\\laravel\\framework\\src\\Illuminate\\Log\\LogManager.php(118): Illuminate\\Log\\LogManager->resolve()
#1 E:\\www\\laravel\\packages\\Gdl2Studio\\IdeHelper\\vendor\\laravel\\framework\\src\\Illuminate\\Log\\LogManager.php(98): Illuminate\\Log\\LogManager->get()
#2 E:\\www\\laravel\\packages\\Gdl2Studio\\IdeHelper\\vendor\\laravel\\framework\\src\\Illuminate\\Log\\LogManager.php(555): Illuminate\\Log\\LogManager->driver()
#3 E:\\www\\laravel\\packages\\Gdl2Studio\\IdeHelper\\vendor\\laravel\\framework\\src\\Illuminate\\Foundation\\Exceptions\\Handler.php(252): Illuminate\\Log\\LogManager->error()
#4 E:\\www\\laravel\\packages\\Gdl2Studio\\IdeHelper\\src\\Exceptions\\Handler.php(32): Illuminate\\Foundation\\Exceptions\\Handler->report()
#5 E:\\www\\laravel\\packages\\Gdl2Studio\\IdeHelper\\vendor\\laravel\\framework\\src\\Illuminate\\Foundation\\Console\\Kernel.php(366): Gdl2Studio\\IdeHelper\\Exceptions\\Handler->report()
#6 E:\\www\\laravel\\packages\\Gdl2Studio\\IdeHelper\\vendor\\laravel\\framework\\src\\Illuminate\\Foundation\\Console\\Kernel.php(131): Illuminate\\Foundation\\Console\\Kernel->reportException()
#7 E:\\www\\laravel\\packages\\Gdl2Studio\\IdeHelper\un.php(36): Illuminate\\Foundation\\Console\\Kernel->handle()
#8 {main}
"} 
[2021-09-17 07:38:46] laravel.ERROR: The "--write" option does not exist. {"exception":"[object] (Symfony\\Component\\Console\\Exception\\RuntimeException(code: 0): The \"--write\" option does not exist. at E:\\www\\laravel\\packages\\Gdl2Studio\\IdeHelper\\vendor\\symfony\\console\\Input\\ArgvInput.php:213)
[stacktrace]
#0 E:\\www\\laravel\\packages\\Gdl2Studio\\IdeHelper\\vendor\\symfony\\console\\Input\\ArgvInput.php(142): Symfony\\Component\\Console\\Input\\ArgvInput->addLongOption()
#1 E:\\www\\laravel\\packages\\Gdl2Studio\\IdeHelper\\vendor\\symfony\\console\\Input\\ArgvInput.php(76): Symfony\\Component\\Console\\Input\\ArgvInput->parseLongOption()
#2 E:\\www\\laravel\\packages\\Gdl2Studio\\IdeHelper\\vendor\\symfony\\console\\Input\\Input.php(55): Symfony\\Component\\Console\\Input\\ArgvInput->parse()
#3 E:\\www\\laravel\\packages\\Gdl2Studio\\IdeHelper\\vendor\\symfony\\console\\Command\\Command.php(258): Symfony\\Component\\Console\\Input\\Input->bind()
#4 E:\\www\\laravel\\packages\\Gdl2Studio\\IdeHelper\\vendor\\laravel\\framework\\src\\Illuminate\\Console\\Command.php(121): Symfony\\Component\\Console\\Command\\Command->run()
#5 E:\\www\\laravel\\packages\\Gdl2Studio\\IdeHelper\\vendor\\symfony\\console\\Application.php(978): Illuminate\\Console\\Command->run()
#6 E:\\www\\laravel\\packages\\Gdl2Studio\\IdeHelper\\vendor\\symfony\\console\\Application.php(295): Symfony\\Component\\Console\\Application->doRunCommand()
#7 E:\\www\\laravel\\packages\\Gdl2Studio\\IdeHelper\\vendor\\symfony\\console\\Application.php(167): Symfony\\Component\\Console\\Application->doRun()
#8 E:\\www\\laravel\\packages\\Gdl2Studio\\IdeHelper\\vendor\\laravel\\framework\\src\\Illuminate\\Console\\Application.php(92): Symfony\\Component\\Console\\Application->run()
#9 E:\\www\\laravel\\packages\\Gdl2Studio\\IdeHelper\\vendor\\laravel\\framework\\src\\Illuminate\\Foundation\\Console\\Kernel.php(129): Illuminate\\Console\\Application->run()
#10 E:\\www\\laravel\\packages\\Gdl2Studio\\IdeHelper\un.php(36): Illuminate\\Foundation\\Console\\Kernel->handle()
#11 {main}
"} 
[2021-09-17 07:42:01] laravel.EMERGENCY: Unable to create configured logger. Using emergency logger. {"exception":"[object] (InvalidArgumentException(code: 0): Log [] is not defined. at E:\\www\\laravel\\packages\\Gdl2Studio\\IdeHelper\\vendor\\laravel\\framework\\src\\Illuminate\\Log\\LogManager.php:192)
[stacktrace]
#0 E:\\www\\laravel\\packages\\Gdl2Studio\\IdeHelper\\vendor\\laravel\\framework\\src\\Illuminate\\Log\\LogManager.php(118): Illuminate\\Log\\LogManager->resolve()
#1 E:\\www\\laravel\\packages\\Gdl2Studio\\IdeHelper\\vendor\\laravel\\framework\\src\\Illuminate\\Log\\LogManager.php(98): Illuminate\\Log\\LogManager->get()
#2 E:\\www\\laravel\\packages\\Gdl2Studio\\IdeHelper\\vendor\\laravel\\framework\\src\\Illuminate\\Log\\LogManager.php(555): Illuminate\\Log\\LogManager->driver()
#3 E:\\www\\laravel\\packages\\Gdl2Studio\\IdeHelper\\vendor\\laravel\\framework\\src\\Illuminate\\Foundation\\Exceptions\\Handler.php(252): Illuminate\\Log\\LogManager->error()
#4 E:\\www\\laravel\\packages\\Gdl2Studio\\IdeHelper\\src\\Exceptions\\Handler.php(32): Illuminate\\Foundation\\Exceptions\\Handler->report()
#5 E:\\www\\laravel\\packages\\Gdl2Studio\\IdeHelper\\vendor\\laravel\\framework\\src\\Illuminate\\Foundation\\Console\\Kernel.php(366): Gdl2Studio\\IdeHelper\\Exceptions\\Handler->report()
#6 E:\\www\\laravel\\packages\\Gdl2Studio\\IdeHelper\\vendor\\laravel\\framework\\src\\Illuminate\\Foundation\\Console\\Kernel.php(131): Illuminate\\Foundation\\Console\\Kernel->reportException()
#7 E:\\www\\laravel\\packages\\Gdl2Studio\\IdeHelper\un.php(36): Illuminate\\Foundation\\Console\\Kernel->handle()
#8 {main}
"} 
[2021-09-17 07:42:01] laravel.ERROR: Please provide a valid cache path. {"exception":"[object] (InvalidArgumentException(code: 0): Please provide a valid cache path. at E:\\www\\laravel\\packages\\Gdl2Studio\\IdeHelper\\vendor\\laravel\\framework\\src\\Illuminate\\View\\Compilers\\Compiler.php:36)
[stacktrace]
#0 E:\\www\\laravel\\packages\\Gdl2Studio\\IdeHelper\\vendor\\laravel\\framework\\src\\Illuminate\\View\\ViewServiceProvider.php(88): Illuminate\\View\\Compilers\\Compiler->__construct()
#1 E:\\www\\laravel\\packages\\Gdl2Studio\\IdeHelper\\vendor\\laravel\\framework\\src\\Illuminate\\Container\\Container.php(869): Illuminate\\View\\ViewServiceProvider->Illuminate\\View\\{closure}()
#2 E:\\www\\laravel\\packages\\Gdl2Studio\\IdeHelper\\vendor\\laravel\\framework\\src\\Illuminate\\Container\\Container.php(754): Illuminate\\Container\\Container->build()
#3 E:\\www\\laravel\\packages\\Gdl2Studio\\IdeHelper\\vendor\\laravel\\framework\\src\\Illuminate\\Foundation\\Application.php(841): Illuminate\\Container\\Container->resolve()
#4 E:\\www\\laravel\\packages\\Gdl2Studio\\IdeHelper\\vendor\\laravel\\framework\\src\\Illuminate\\Container\\Container.php(692): Illuminate\\Foundation\\Application->resolve()
#5 E:\\www\\laravel\\packages\\Gdl2Studio\\IdeHelper\\vendor\\laravel\\framework\\src\\Illuminate\\Foundation\\Application.php(826): Illuminate\\Container\\Container->make()
#6 E:\\www\\laravel\\packages\\Gdl2Studio\\IdeHelper\\vendor\\laravel\\framework\\src\\Illuminate\\Container\\Container.php(1420): Illuminate\\Foundation\\Application->make()
#7 E:\\www\\laravel\\packages\\Gdl2Studio\\IdeHelper\\vendor\\laravel\\framework\\src\\Illuminate\\Support\\Facades\\Facade.php(198): Illuminate\\Container\\Container->offsetGet()
#8 E:\\www\\laravel\\packages\\Gdl2Studio\\IdeHelper\\vendor\\laravel\\framework\\src\\Illuminate\\Support\\Facades\\Facade.php(166): Illuminate\\Support\\Facades\\Facade::resolveFacadeInstance()
#9 E:\\www\\laravel\\packages\\Gdl2Studio\\IdeHelper\\vendor\\laravel\\framework\\src\\Illuminate\\Support\\Facades\\Facade.php(255): Illuminate\\Support\\Facades\\Facade::getFacadeRoot()
#10 E:\\www\\laravel\\packages\\Gdl2Studio\\IdeHelper\\vendor\\spatie\\laravel-ray\\src\\RayServiceProvider.php(206): Illuminate\\Support\\Facades\\Facade::__callStatic()
#11 E:\\www\\laravel\\packages\\Gdl2Studio\\IdeHelper\\vendor\\spatie\\laravel-ray\\src\\RayServiceProvider.php(45): Spatie\\LaravelRay\\RayServiceProvider->registerBladeDirectives()
#12 E:\\www\\laravel\\packages\\Gdl2Studio\\IdeHelper\\vendor\\laravel\\framework\\src\\Illuminate\\Foundation\\Application.php(672): Spatie\\LaravelRay\\RayServiceProvider->register()
#13 E:\\www\\laravel\\packages\\Gdl2Studio\\IdeHelper\\vendor\\laravel\\framework\\src\\Illuminate\\Foundation\\ProviderRepository.php(75): Illuminate\\Foundation\\Application->register()
#14 E:\\www\\laravel\\packages\\Gdl2Studio\\IdeHelper\\vendor\\laravel\\framework\\src\\Illuminate\\Foundation\\Application.php(649): Illuminate\\Foundation\\ProviderRepository->load()
#15 E:\\www\\laravel\\packages\\Gdl2Studio\\IdeHelper\\vendor\\laravel\\framework\\src\\Illuminate\\Foundation\\Bootstrap\\RegisterProviders.php(17): Illuminate\\Foundation\\Application->registerConfiguredProviders()
#16 E:\\www\\laravel\\packages\\Gdl2Studio\\IdeHelper\\vendor\\laravel\\framework\\src\\Illuminate\\Foundation\\Application.php(237): Illuminate\\Foundation\\Bootstrap\\RegisterProviders->bootstrap()
#17 E:\\www\\laravel\\packages\\Gdl2Studio\\IdeHelper\\vendor\\laravel\\framework\\src\\Illuminate\\Foundation\\Console\\Kernel.php(310): Illuminate\\Foundation\\Application->bootstrapWith()
#18 E:\\www\\laravel\\packages\\Gdl2Studio\\IdeHelper\\vendor\\laravel\\framework\\src\\Illuminate\\Foundation\\Console\\Kernel.php(127): Illuminate\\Foundation\\Console\\Kernel->bootstrap()
#19 E:\\www\\laravel\\packages\\Gdl2Studio\\IdeHelper\un.php(36): Illuminate\\Foundation\\Console\\Kernel->handle()
#20 {main}
"} 
[2021-09-17 07:42:17] laravel.EMERGENCY: Unable to create configured logger. Using emergency logger. {"exception":"[object] (InvalidArgumentException(code: 0): Log [] is not defined. at E:\\www\\laravel\\packages\\Gdl2Studio\\IdeHelper\\vendor\\laravel\\framework\\src\\Illuminate\\Log\\LogManager.php:192)
[stacktrace]
#0 E:\\www\\laravel\\packages\\Gdl2Studio\\IdeHelper\\vendor\\laravel\\framework\\src\\Illuminate\\Log\\LogManager.php(118): Illuminate\\Log\\LogManager->resolve()
#1 E:\\www\\laravel\\packages\\Gdl2Studio\\IdeHelper\\vendor\\laravel\\framework\\src\\Illuminate\\Log\\LogManager.php(98): Illuminate\\Log\\LogManager->get()
#2 E:\\www\\laravel\\packages\\Gdl2Studio\\IdeHelper\\vendor\\laravel\\framework\\src\\Illuminate\\Log\\LogManager.php(555): Illuminate\\Log\\LogManager->driver()
#3 E:\\www\\laravel\\packages\\Gdl2Studio\\IdeHelper\\vendor\\laravel\\framework\\src\\Illuminate\\Foundation\\Exceptions\\Handler.php(252): Illuminate\\Log\\LogManager->error()
#4 E:\\www\\laravel\\packages\\Gdl2Studio\\IdeHelper\\src\\Exceptions\\Handler.php(32): Illuminate\\Foundation\\Exceptions\\Handler->report()
#5 E:\\www\\laravel\\packages\\Gdl2Studio\\IdeHelper\\vendor\\laravel\\framework\\src\\Illuminate\\Foundation\\Console\\Kernel.php(366): Gdl2Studio\\IdeHelper\\Exceptions\\Handler->report()
#6 E:\\www\\laravel\\packages\\Gdl2Studio\\IdeHelper\\vendor\\laravel\\framework\\src\\Illuminate\\Foundation\\Console\\Kernel.php(131): Illuminate\\Foundation\\Console\\Kernel->reportException()
#7 E:\\www\\laravel\\packages\\Gdl2Studio\\IdeHelper\un.php(36): Illuminate\\Foundation\\Console\\Kernel->handle()
#8 {main}
"} 
[2021-09-17 07:42:17] laravel.ERROR: Please provide a valid cache path. {"exception":"[object] (InvalidArgumentException(code: 0): Please provide a valid cache path. at E:\\www\\laravel\\packages\\Gdl2Studio\\IdeHelper\\vendor\\laravel\\framework\\src\\Illuminate\\View\\Compilers\\Compiler.php:36)
[stacktrace]
#0 E:\\www\\laravel\\packages\\Gdl2Studio\\IdeHelper\\vendor\\laravel\\framework\\src\\Illuminate\\View\\ViewServiceProvider.php(88): Illuminate\\View\\Compilers\\Compiler->__construct()
#1 E:\\www\\laravel\\packages\\Gdl2Studio\\IdeHelper\\vendor\\laravel\\framework\\src\\Illuminate\\Container\\Container.php(869): Illuminate\\View\\ViewServiceProvider->Illuminate\\View\\{closure}()
#2 E:\\www\\laravel\\packages\\Gdl2Studio\\IdeHelper\\vendor\\laravel\\framework\\src\\Illuminate\\Container\\Container.php(754): Illuminate\\Container\\Container->build()
#3 E:\\www\\laravel\\packages\\Gdl2Studio\\IdeHelper\\vendor\\laravel\\framework\\src\\Illuminate\\Foundation\\Application.php(841): Illuminate\\Container\\Container->resolve()
#4 E:\\www\\laravel\\packages\\Gdl2Studio\\IdeHelper\\vendor\\laravel\\framework\\src\\Illuminate\\Container\\Container.php(692): Illuminate\\Foundation\\Application->resolve()
#5 E:\\www\\laravel\\packages\\Gdl2Studio\\IdeHelper\\vendor\\laravel\\framework\\src\\Illuminate\\Foundation\\Application.php(826): Illuminate\\Container\\Container->make()
#6 E:\\www\\laravel\\packages\\Gdl2Studio\\IdeHelper\\vendor\\laravel\\framework\\src\\Illuminate\\Container\\Container.php(1420): Illuminate\\Foundation\\Application->make()
#7 E:\\www\\laravel\\packages\\Gdl2Studio\\IdeHelper\\vendor\\laravel\\framework\\src\\Illuminate\\Support\\Facades\\Facade.php(198): Illuminate\\Container\\Container->offsetGet()
#8 E:\\www\\laravel\\packages\\Gdl2Studio\\IdeHelper\\vendor\\laravel\\framework\\src\\Illuminate\\Support\\Facades\\Facade.php(166): Illuminate\\Support\\Facades\\Facade::resolveFacadeInstance()
#9 E:\\www\\laravel\\packages\\Gdl2Studio\\IdeHelper\\vendor\\laravel\\framework\\src\\Illuminate\\Support\\Facades\\Facade.php(255): Illuminate\\Support\\Facades\\Facade::getFacadeRoot()
#10 E:\\www\\laravel\\packages\\Gdl2Studio\\IdeHelper\\vendor\\spatie\\laravel-ray\\src\\RayServiceProvider.php(206): Illuminate\\Support\\Facades\\Facade::__callStatic()
#11 E:\\www\\laravel\\packages\\Gdl2Studio\\IdeHelper\\vendor\\spatie\\laravel-ray\\src\\RayServiceProvider.php(45): Spatie\\LaravelRay\\RayServiceProvider->registerBladeDirectives()
#12 E:\\www\\laravel\\packages\\Gdl2Studio\\IdeHelper\\vendor\\laravel\\framework\\src\\Illuminate\\Foundation\\Application.php(672): Spatie\\LaravelRay\\RayServiceProvider->register()
#13 E:\\www\\laravel\\packages\\Gdl2Studio\\IdeHelper\\vendor\\laravel\\framework\\src\\Illuminate\\Foundation\\ProviderRepository.php(75): Illuminate\\Foundation\\Application->register()
#14 E:\\www\\laravel\\packages\\Gdl2Studio\\IdeHelper\\vendor\\laravel\\framework\\src\\Illuminate\\Foundation\\Application.php(649): Illuminate\\Foundation\\ProviderRepository->load()
#15 E:\\www\\laravel\\packages\\Gdl2Studio\\IdeHelper\\vendor\\laravel\\framework\\src\\Illuminate\\Foundation\\Bootstrap\\RegisterProviders.php(17): Illuminate\\Foundation\\Application->registerConfiguredProviders()
#16 E:\\www\\laravel\\packages\\Gdl2Studio\\IdeHelper\\vendor\\laravel\\framework\\src\\Illuminate\\Foundation\\Application.php(237): Illuminate\\Foundation\\Bootstrap\\RegisterProviders->bootstrap()
#17 E:\\www\\laravel\\packages\\Gdl2Studio\\IdeHelper\\vendor\\laravel\\framework\\src\\Illuminate\\Foundation\\Console\\Kernel.php(310): Illuminate\\Foundation\\Application->bootstrapWith()
#18 E:\\www\\laravel\\packages\\Gdl2Studio\\IdeHelper\\vendor\\laravel\\framework\\src\\Illuminate\\Foundation\\Console\\Kernel.php(127): Illuminate\\Foundation\\Console\\Kernel->bootstrap()
#19 E:\\www\\laravel\\packages\\Gdl2Studio\\IdeHelper\un.php(36): Illuminate\\Foundation\\Console\\Kernel->handle()
#20 {main}
"} 
[2021-09-17 07:43:01] laravel.EMERGENCY: Unable to create configured logger. Using emergency logger. {"exception":"[object] (InvalidArgumentException(code: 0): Log [] is not defined. at E:\\www\\laravel\\packages\\Gdl2Studio\\IdeHelper\\vendor\\laravel\\framework\\src\\Illuminate\\Log\\LogManager.php:192)
[stacktrace]
#0 E:\\www\\laravel\\packages\\Gdl2Studio\\IdeHelper\\vendor\\laravel\\framework\\src\\Illuminate\\Log\\LogManager.php(118): Illuminate\\Log\\LogManager->resolve()
#1 E:\\www\\laravel\\packages\\Gdl2Studio\\IdeHelper\\vendor\\laravel\\framework\\src\\Illuminate\\Log\\LogManager.php(98): Illuminate\\Log\\LogManager->get()
#2 E:\\www\\laravel\\packages\\Gdl2Studio\\IdeHelper\\vendor\\laravel\\framework\\src\\Illuminate\\Log\\LogManager.php(555): Illuminate\\Log\\LogManager->driver()
#3 E:\\www\\laravel\\packages\\Gdl2Studio\\IdeHelper\\vendor\\laravel\\framework\\src\\Illuminate\\Foundation\\Exceptions\\Handler.php(252): Illuminate\\Log\\LogManager->error()
#4 E:\\www\\laravel\\packages\\Gdl2Studio\\IdeHelper\\src\\Exceptions\\Handler.php(32): Illuminate\\Foundation\\Exceptions\\Handler->report()
#5 E:\\www\\laravel\\packages\\Gdl2Studio\\IdeHelper\\vendor\\laravel\\framework\\src\\Illuminate\\Foundation\\Console\\Kernel.php(366): Gdl2Studio\\IdeHelper\\Exceptions\\Handler->report()
#6 E:\\www\\laravel\\packages\\Gdl2Studio\\IdeHelper\\vendor\\laravel\\framework\\src\\Illuminate\\Foundation\\Console\\Kernel.php(131): Illuminate\\Foundation\\Console\\Kernel->reportException()
#7 E:\\www\\laravel\\packages\\Gdl2Studio\\IdeHelper\un.php(36): Illuminate\\Foundation\\Console\\Kernel->handle()
#8 {main}
"} 
[2021-09-17 07:43:02] laravel.ERROR: Target class [cache] does not exist. {"exception":"[object] (Illuminate\\Contracts\\Container\\BindingResolutionException(code: 0): Target class [cache] does not exist. at E:\\www\\laravel\\packages\\Gdl2Studio\\IdeHelper\\vendor\\laravel\\framework\\src\\Illuminate\\Container\\Container.php:875)
[stacktrace]
#0 E:\\www\\laravel\\packages\\Gdl2Studio\\IdeHelper\\vendor\\laravel\\framework\\src\\Illuminate\\Container\\Container.php(754): Illuminate\\Container\\Container->build()
#1 E:\\www\\laravel\\packages\\Gdl2Studio\\IdeHelper\\vendor\\laravel\\framework\\src\\Illuminate\\Foundation\\Application.php(841): Illuminate\\Container\\Container->resolve()
#2 E:\\www\\laravel\\packages\\Gdl2Studio\\IdeHelper\\vendor\\laravel\\framework\\src\\Illuminate\\Container\\Container.php(692): Illuminate\\Foundation\\Application->resolve()
#3 E:\\www\\laravel\\packages\\Gdl2Studio\\IdeHelper\\vendor\\laravel\\framework\\src\\Illuminate\\Foundation\\Application.php(826): Illuminate\\Container\\Container->make()
#4 E:\\www\\laravel\\packages\\Gdl2Studio\\IdeHelper\\vendor\\laravel\\framework\\src\\Illuminate\\Container\\Container.php(1420): Illuminate\\Foundation\\Application->make()
#5 E:\\www\\laravel\\packages\\Gdl2Studio\\IdeHelper\\vendor\\laravel\\framework\\src\\Illuminate\\Foundation\\Providers\\ArtisanServiceProvider.php(213): Illuminate\\Container\\Container->offsetGet()
#6 E:\\www\\laravel\\packages\\Gdl2Studio\\IdeHelper\\vendor\\laravel\\framework\\src\\Illuminate\\Container\\Container.php(869): Illuminate\\Foundation\\Providers\\ArtisanServiceProvider->Illuminate\\Foundation\\Providers\\{closure}()
#7 E:\\www\\laravel\\packages\\Gdl2Studio\\IdeHelper\\vendor\\laravel\\framework\\src\\Illuminate\\Container\\Container.php(754): Illuminate\\Container\\Container->build()
#8 E:\\www\\laravel\\packages\\Gdl2Studio\\IdeHelper\\vendor\\laravel\\framework\\src\\Illuminate\\Foundation\\Application.php(841): Illuminate\\Container\\Container->resolve()
#9 E:\\www\\laravel\\packages\\Gdl2Studio\\IdeHelper\\vendor\\laravel\\framework\\src\\Illuminate\\Container\\Container.php(692): Illuminate\\Foundation\\Application->resolve()
#10 E:\\www\\laravel\\packages\\Gdl2Studio\\IdeHelper\\vendor\\laravel\\framework\\src\\Illuminate\\Foundation\\Application.php(826): Illuminate\\Container\\Container->make()
#11 E:\\www\\laravel\\packages\\Gdl2Studio\\IdeHelper\\vendor\\laravel\\framework\\src\\Illuminate\\Console\\Application.php(260): Illuminate\\Foundation\\Application->make()
#12 E:\\www\\laravel\\packages\\Gdl2Studio\\IdeHelper\\vendor\\laravel\\framework\\src\\Illuminate\\Console\\Application.php(274): Illuminate\\Console\\Application->resolve()
#13 E:\\www\\laravel\\packages\\Gdl2Studio\\IdeHelper\\vendor\\laravel\\framework\\src\\Illuminate\\Support\\ServiceProvider.php(396): Illuminate\\Console\\Application->resolveCommands()
#14 E:\\www\\laravel\\packages\\Gdl2Studio\\IdeHelper\\vendor\\laravel\\framework\\src\\Illuminate\\Console\\Application.php(151): Illuminate\\Support\\ServiceProvider->Illuminate\\Support\\{closure}()
#15 E:\\www\\laravel\\packages\\Gdl2Studio\\IdeHelper\\vendor\\laravel\\framework\\src\\Illuminate\\Console\\Application.php(74): Illuminate\\Console\\Application->bootstrap()
#16 E:\\www\\laravel\\packages\\Gdl2Studio\\IdeHelper\\vendor\\laravel\\framework\\src\\Illuminate\\Foundation\\Console\\Kernel.php(330): Illuminate\\Console\\Application->__construct()
#17 E:\\www\\laravel\\packages\\Gdl2Studio\\IdeHelper\\vendor\\laravel\\framework\\src\\Illuminate\\Foundation\\Console\\Kernel.php(129): Illuminate\\Foundation\\Console\\Kernel->getArtisan()
#18 E:\\www\\laravel\\packages\\Gdl2Studio\\IdeHelper\un.php(36): Illuminate\\Foundation\\Console\\Kernel->handle()
#19 {main}

[previous exception] [object] (ReflectionException(code: -1): Class \"cache\" does not exist at E:\\www\\laravel\\packages\\Gdl2Studio\\IdeHelper\\vendor\\laravel\\framework\\src\\Illuminate\\Container\\Container.php:873)
[stacktrace]
#0 E:\\www\\laravel\\packages\\Gdl2Studio\\IdeHelper\\vendor\\laravel\\framework\\src\\Illuminate\\Container\\Container.php(873): ReflectionClass->__construct()
#1 E:\\www\\laravel\\packages\\Gdl2Studio\\IdeHelper\\vendor\\laravel\\framework\\src\\Illuminate\\Container\\Container.php(754): Illuminate\\Container\\Container->build()
#2 E:\\www\\laravel\\packages\\Gdl2Studio\\IdeHelper\\vendor\\laravel\\framework\\src\\Illuminate\\Foundation\\Application.php(841): Illuminate\\Container\\Container->resolve()
#3 E:\\www\\laravel\\packages\\Gdl2Studio\\IdeHelper\\vendor\\laravel\\framework\\src\\Illuminate\\Container\\Container.php(692): Illuminate\\Foundation\\Application->resolve()
#4 E:\\www\\laravel\\packages\\Gdl2Studio\\IdeHelper\\vendor\\laravel\\framework\\src\\Illuminate\\Foundation\\Application.php(826): Illuminate\\Container\\Container->make()
#5 E:\\www\\laravel\\packages\\Gdl2Studio\\IdeHelper\\vendor\\laravel\\framework\\src\\Illuminate\\Container\\Container.php(1420): Illuminate\\Foundation\\Application->make()
#6 E:\\www\\laravel\\packages\\Gdl2Studio\\IdeHelper\\vendor\\laravel\\framework\\src\\Illuminate\\Foundation\\Providers\\ArtisanServiceProvider.php(213): Illuminate\\Container\\Container->offsetGet()
#7 E:\\www\\laravel\\packages\\Gdl2Studio\\IdeHelper\\vendor\\laravel\\framework\\src\\Illuminate\\Container\\Container.php(869): Illuminate\\Foundation\\Providers\\ArtisanServiceProvider->Illuminate\\Foundation\\Providers\\{closure}()
#8 E:\\www\\laravel\\packages\\Gdl2Studio\\IdeHelper\\vendor\\laravel\\framework\\src\\Illuminate\\Container\\Container.php(754): Illuminate\\Container\\Container->build()
#9 E:\\www\\laravel\\packages\\Gdl2Studio\\IdeHelper\\vendor\\laravel\\framework\\src\\Illuminate\\Foundation\\Application.php(841): Illuminate\\Container\\Container->resolve()
#10 E:\\www\\laravel\\packages\\Gdl2Studio\\IdeHelper\\vendor\\laravel\\framework\\src\\Illuminate\\Container\\Container.php(692): Illuminate\\Foundation\\Application->resolve()
#11 E:\\www\\laravel\\packages\\Gdl2Studio\\IdeHelper\\vendor\\laravel\\framework\\src\\Illuminate\\Foundation\\Application.php(826): Illuminate\\Container\\Container->make()
#12 E:\\www\\laravel\\packages\\Gdl2Studio\\IdeHelper\\vendor\\laravel\\framework\\src\\Illuminate\\Console\\Application.php(260): Illuminate\\Foundation\\Application->make()
#13 E:\\www\\laravel\\packages\\Gdl2Studio\\IdeHelper\\vendor\\laravel\\framework\\src\\Illuminate\\Console\\Application.php(274): Illuminate\\Console\\Application->resolve()
#14 E:\\www\\laravel\\packages\\Gdl2Studio\\IdeHelper\\vendor\\laravel\\framework\\src\\Illuminate\\Support\\ServiceProvider.php(396): Illuminate\\Console\\Application->resolveCommands()
#15 E:\\www\\laravel\\packages\\Gdl2Studio\\IdeHelper\\vendor\\laravel\\framework\\src\\Illuminate\\Console\\Application.php(151): Illuminate\\Support\\ServiceProvider->Illuminate\\Support\\{closure}()
#16 E:\\www\\laravel\\packages\\Gdl2Studio\\IdeHelper\\vendor\\laravel\\framework\\src\\Illuminate\\Console\\Application.php(74): Illuminate\\Console\\Application->bootstrap()
#17 E:\\www\\laravel\\packages\\Gdl2Studio\\IdeHelper\\vendor\\laravel\\framework\\src\\Illuminate\\Foundation\\Console\\Kernel.php(330): Illuminate\\Console\\Application->__construct()
#18 E:\\www\\laravel\\packages\\Gdl2Studio\\IdeHelper\\vendor\\laravel\\framework\\src\\Illuminate\\Foundation\\Console\\Kernel.php(129): Illuminate\\Foundation\\Console\\Kernel->getArtisan()
#19 E:\\www\\laravel\\packages\\Gdl2Studio\\IdeHelper\un.php(36): Illuminate\\Foundation\\Console\\Kernel->handle()
#20 {main}
"} 
[2021-09-17 07:44:12] laravel.EMERGENCY: Unable to create configured logger. Using emergency logger. {"exception":"[object] (InvalidArgumentException(code: 0): Log [] is not defined. at E:\\www\\laravel\\packages\\Gdl2Studio\\IdeHelper\\vendor\\laravel\\framework\\src\\Illuminate\\Log\\LogManager.php:192)
[stacktrace]
#0 E:\\www\\laravel\\packages\\Gdl2Studio\\IdeHelper\\vendor\\laravel\\framework\\src\\Illuminate\\Log\\LogManager.php(118): Illuminate\\Log\\LogManager->resolve()
#1 E:\\www\\laravel\\packages\\Gdl2Studio\\IdeHelper\\vendor\\laravel\\framework\\src\\Illuminate\\Log\\LogManager.php(98): Illuminate\\Log\\LogManager->get()
#2 E:\\www\\laravel\\packages\\Gdl2Studio\\IdeHelper\\vendor\\laravel\\framework\\src\\Illuminate\\Log\\LogManager.php(555): Illuminate\\Log\\LogManager->driver()
#3 E:\\www\\laravel\\packages\\Gdl2Studio\\IdeHelper\\vendor\\laravel\\framework\\src\\Illuminate\\Foundation\\Exceptions\\Handler.php(252): Illuminate\\Log\\LogManager->error()
#4 E:\\www\\laravel\\packages\\Gdl2Studio\\IdeHelper\\src\\Exceptions\\Handler.php(32): Illuminate\\Foundation\\Exceptions\\Handler->report()
#5 E:\\www\\laravel\\packages\\Gdl2Studio\\IdeHelper\\vendor\\laravel\\framework\\src\\Illuminate\\Foundation\\Console\\Kernel.php(366): Gdl2Studio\\IdeHelper\\Exceptions\\Handler->report()
#6 E:\\www\\laravel\\packages\\Gdl2Studio\\IdeHelper\\vendor\\laravel\\framework\\src\\Illuminate\\Foundation\\Console\\Kernel.php(131): Illuminate\\Foundation\\Console\\Kernel->reportException()
#7 E:\\www\\laravel\\packages\\Gdl2Studio\\IdeHelper\un.php(36): Illuminate\\Foundation\\Console\\Kernel->handle()
#8 {main}
"} 
[2021-09-17 07:44:13] laravel.ERROR: Command "ray" is not defined.

Did you mean this?
    ray:publish-config {"exception":"[object] (Symfony\\Component\\Console\\Exception\\CommandNotFoundException(code: 0): Command \"ray\" is not defined.

Did you mean this?
    ray:publish-config at E:\\www\\laravel\\packages\\Gdl2Studio\\IdeHelper\\vendor\\symfony\\console\\Application.php:682)
[stacktrace]
#0 E:\\www\\laravel\\packages\\Gdl2Studio\\IdeHelper\\vendor\\symfony\\console\\Command\\HelpCommand.php(70): Symfony\\Component\\Console\\Application->find()
#1 E:\\www\\laravel\\packages\\Gdl2Studio\\IdeHelper\\vendor\\symfony\\console\\Command\\Command.php(299): Symfony\\Component\\Console\\Command\\HelpCommand->execute()
#2 E:\\www\\laravel\\packages\\Gdl2Studio\\IdeHelper\\vendor\\symfony\\console\\Application.php(978): Symfony\\Component\\Console\\Command\\Command->run()
#3 E:\\www\\laravel\\packages\\Gdl2Studio\\IdeHelper\\vendor\\symfony\\console\\Application.php(295): Symfony\\Component\\Console\\Application->doRunCommand()
#4 E:\\www\\laravel\\packages\\Gdl2Studio\\IdeHelper\\vendor\\symfony\\console\\Application.php(167): Symfony\\Component\\Console\\Application->doRun()
#5 E:\\www\\laravel\\packages\\Gdl2Studio\\IdeHelper\\vendor\\laravel\\framework\\src\\Illuminate\\Console\\Application.php(92): Symfony\\Component\\Console\\Application->run()
#6 E:\\www\\laravel\\packages\\Gdl2Studio\\IdeHelper\\vendor\\laravel\\framework\\src\\Illuminate\\Foundation\\Console\\Kernel.php(129): Illuminate\\Console\\Application->run()
#7 E:\\www\\laravel\\packages\\Gdl2Studio\\IdeHelper\un.php(36): Illuminate\\Foundation\\Console\\Kernel->handle()
#8 {main}
"} 
[2021-09-17 07:57:54] laravel.EMERGENCY: Unable to create configured logger. Using emergency logger. {"exception":"[object] (InvalidArgumentException(code: 0): Log [] is not defined. at E:\\www\\laravel\\packages\\Gdl2Studio\\IdeHelper\\vendor\\laravel\\framework\\src\\Illuminate\\Log\\LogManager.php:192)
[stacktrace]
#0 E:\\www\\laravel\\packages\\Gdl2Studio\\IdeHelper\\vendor\\laravel\\framework\\src\\Illuminate\\Log\\LogManager.php(118): Illuminate\\Log\\LogManager->resolve()
#1 E:\\www\\laravel\\packages\\Gdl2Studio\\IdeHelper\\vendor\\laravel\\framework\\src\\Illuminate\\Log\\LogManager.php(98): Illuminate\\Log\\LogManager->get()
#2 E:\\www\\laravel\\packages\\Gdl2Studio\\IdeHelper\\vendor\\laravel\\framework\\src\\Illuminate\\Log\\LogManager.php(555): Illuminate\\Log\\LogManager->driver()
#3 E:\\www\\laravel\\packages\\Gdl2Studio\\IdeHelper\\vendor\\laravel\\framework\\src\\Illuminate\\Foundation\\Exceptions\\Handler.php(252): Illuminate\\Log\\LogManager->error()
#4 E:\\www\\laravel\\packages\\Gdl2Studio\\IdeHelper\\src\\Exceptions\\Handler.php(32): Illuminate\\Foundation\\Exceptions\\Handler->report()
#5 E:\\www\\laravel\\packages\\Gdl2Studio\\IdeHelper\\vendor\\laravel\\framework\\src\\Illuminate\\Foundation\\Console\\Kernel.php(366): Gdl2Studio\\IdeHelper\\Exceptions\\Handler->report()
#6 E:\\www\\laravel\\packages\\Gdl2Studio\\IdeHelper\\vendor\\laravel\\framework\\src\\Illuminate\\Foundation\\Console\\Kernel.php(131): Illuminate\\Foundation\\Console\\Kernel->reportException()
#7 E:\\www\\laravel\\packages\\Gdl2Studio\\IdeHelper\un.php(36): Illuminate\\Foundation\\Console\\Kernel->handle()
#8 {main}
"} 
[2021-09-17 07:57:55] laravel.ERROR: syntax error, unexpected token "return" {"exception":"[object] (ParseError(code: 0): syntax error, unexpected token \"return\" at E:\\www\\laravel\\packages\\Gdl2Studio\\IdeHelper\\src\\PhpFile.php:97)
[stacktrace]
#0 E:\\www\\laravel\\packages\\Gdl2Studio\\IdeHelper\\vendor\\composer\\ClassLoader.php(346): Composer\\Autoload\\includeFile()
#1 E:\\www\\laravel\\packages\\Gdl2Studio\\IdeHelper\\src\\IdeHelper.php(57): Composer\\Autoload\\ClassLoader->loadClass()
#2 E:\\www\\laravel\\packages\\Gdl2Studio\\IdeHelper\\src\\IdeHelper.php(34): Gdl2Studio\\IdeHelper\\IdeHelper->getAppFacades()
#3 E:\\www\\laravel\\packages\\Gdl2Studio\\IdeHelper\\src\\Console\\Commands\\FacadesCommand.php(20): Gdl2Studio\\IdeHelper\\IdeHelper->parseAppFacades()
#4 E:\\www\\laravel\\packages\\Gdl2Studio\\IdeHelper\\vendor\\laravel\\framework\\src\\Illuminate\\Container\\BoundMethod.php(36): Gdl2Studio\\IdeHelper\\Console\\Commands\\FacadesCommand->handle()
#5 E:\\www\\laravel\\packages\\Gdl2Studio\\IdeHelper\\vendor\\laravel\\framework\\src\\Illuminate\\Container\\Util.php(40): Illuminate\\Container\\BoundMethod::Illuminate\\Container\\{closure}()
#6 E:\\www\\laravel\\packages\\Gdl2Studio\\IdeHelper\\vendor\\laravel\\framework\\src\\Illuminate\\Container\\BoundMethod.php(93): Illuminate\\Container\\Util::unwrapIfClosure()
#7 E:\\www\\laravel\\packages\\Gdl2Studio\\IdeHelper\\vendor\\laravel\\framework\\src\\Illuminate\\Container\\BoundMethod.php(37): Illuminate\\Container\\BoundMethod::callBoundMethod()
#8 E:\\www\\laravel\\packages\\Gdl2Studio\\IdeHelper\\vendor\\laravel\\framework\\src\\Illuminate\\Container\\Container.php(651): Illuminate\\Container\\BoundMethod::call()
#9 E:\\www\\laravel\\packages\\Gdl2Studio\\IdeHelper\\vendor\\laravel\\framework\\src\\Illuminate\\Console\\Command.php(136): Illuminate\\Container\\Container->call()
#10 E:\\www\\laravel\\packages\\Gdl2Studio\\IdeHelper\\vendor\\symfony\\console\\Command\\Command.php(299): Illuminate\\Console\\Command->execute()
#11 E:\\www\\laravel\\packages\\Gdl2Studio\\IdeHelper\\vendor\\laravel\\framework\\src\\Illuminate\\Console\\Command.php(121): Symfony\\Component\\Console\\Command\\Command->run()
#12 E:\\www\\laravel\\packages\\Gdl2Studio\\IdeHelper\\vendor\\symfony\\console\\Application.php(978): Illuminate\\Console\\Command->run()
#13 E:\\www\\laravel\\packages\\Gdl2Studio\\IdeHelper\\vendor\\symfony\\console\\Application.php(295): Symfony\\Component\\Console\\Application->doRunCommand()
#14 E:\\www\\laravel\\packages\\Gdl2Studio\\IdeHelper\\vendor\\symfony\\console\\Application.php(167): Symfony\\Component\\Console\\Application->doRun()
#15 E:\\www\\laravel\\packages\\Gdl2Studio\\IdeHelper\\vendor\\laravel\\framework\\src\\Illuminate\\Console\\Application.php(92): Symfony\\Component\\Console\\Application->run()
#16 E:\\www\\laravel\\packages\\Gdl2Studio\\IdeHelper\\vendor\\laravel\\framework\\src\\Illuminate\\Foundation\\Console\\Kernel.php(129): Illuminate\\Console\\Application->run()
#17 E:\\www\\laravel\\packages\\Gdl2Studio\\IdeHelper\un.php(36): Illuminate\\Foundation\\Console\\Kernel->handle()
#18 {main}
"} 
[2021-09-17 08:10:17] laravel.EMERGENCY: Unable to create configured logger. Using emergency logger. {"exception":"[object] (InvalidArgumentException(code: 0): Log [] is not defined. at E:\\www\\laravel\\packages\\Gdl2Studio\\IdeHelper\\vendor\\laravel\\framework\\src\\Illuminate\\Log\\LogManager.php:192)
[stacktrace]
#0 E:\\www\\laravel\\packages\\Gdl2Studio\\IdeHelper\\vendor\\laravel\\framework\\src\\Illuminate\\Log\\LogManager.php(118): Illuminate\\Log\\LogManager->resolve()
#1 E:\\www\\laravel\\packages\\Gdl2Studio\\IdeHelper\\vendor\\laravel\\framework\\src\\Illuminate\\Log\\LogManager.php(98): Illuminate\\Log\\LogManager->get()
#2 E:\\www\\laravel\\packages\\Gdl2Studio\\IdeHelper\\vendor\\laravel\\framework\\src\\Illuminate\\Log\\LogManager.php(555): Illuminate\\Log\\LogManager->driver()
#3 E:\\www\\laravel\\packages\\Gdl2Studio\\IdeHelper\\vendor\\laravel\\framework\\src\\Illuminate\\Foundation\\Exceptions\\Handler.php(252): Illuminate\\Log\\LogManager->error()
#4 E:\\www\\laravel\\packages\\Gdl2Studio\\IdeHelper\\src\\Exceptions\\Handler.php(32): Illuminate\\Foundation\\Exceptions\\Handler->report()
#5 E:\\www\\laravel\\packages\\Gdl2Studio\\IdeHelper\\vendor\\laravel\\framework\\src\\Illuminate\\Foundation\\Console\\Kernel.php(366): Gdl2Studio\\IdeHelper\\Exceptions\\Handler->report()
#6 E:\\www\\laravel\\packages\\Gdl2Studio\\IdeHelper\\vendor\\laravel\\framework\\src\\Illuminate\\Foundation\\Console\\Kernel.php(131): Illuminate\\Foundation\\Console\\Kernel->reportException()
#7 E:\\www\\laravel\\packages\\Gdl2Studio\\IdeHelper\un.php(38): Illuminate\\Foundation\\Console\\Kernel->handle()
#8 {main}
"} 
[2021-09-17 08:10:18] laravel.ERROR: There are no commands defined in the "ide-helper" namespace. {"exception":"[object] (Symfony\\Component\\Console\\Exception\\NamespaceNotFoundException(code: 0): There are no commands defined in the \"ide-helper\" namespace. at E:\\www\\laravel\\packages\\Gdl2Studio\\IdeHelper\\vendor\\symfony\\console\\Application.php:612)
[stacktrace]
#0 E:\\www\\laravel\\packages\\Gdl2Studio\\IdeHelper\\vendor\\symfony\\console\\Application.php(663): Symfony\\Component\\Console\\Application->findNamespace()
#1 E:\\www\\laravel\\packages\\Gdl2Studio\\IdeHelper\\vendor\\symfony\\console\\Command\\HelpCommand.php(70): Symfony\\Component\\Console\\Application->find()
#2 E:\\www\\laravel\\packages\\Gdl2Studio\\IdeHelper\\vendor\\symfony\\console\\Command\\Command.php(299): Symfony\\Component\\Console\\Command\\HelpCommand->execute()
#3 E:\\www\\laravel\\packages\\Gdl2Studio\\IdeHelper\\vendor\\symfony\\console\\Application.php(978): Symfony\\Component\\Console\\Command\\Command->run()
#4 E:\\www\\laravel\\packages\\Gdl2Studio\\IdeHelper\\vendor\\symfony\\console\\Application.php(295): Symfony\\Component\\Console\\Application->doRunCommand()
#5 E:\\www\\laravel\\packages\\Gdl2Studio\\IdeHelper\\vendor\\symfony\\console\\Application.php(167): Symfony\\Component\\Console\\Application->doRun()
#6 E:\\www\\laravel\\packages\\Gdl2Studio\\IdeHelper\\vendor\\laravel\\framework\\src\\Illuminate\\Console\\Application.php(92): Symfony\\Component\\Console\\Application->run()
#7 E:\\www\\laravel\\packages\\Gdl2Studio\\IdeHelper\\vendor\\laravel\\framework\\src\\Illuminate\\Foundation\\Console\\Kernel.php(129): Illuminate\\Console\\Application->run()
#8 E:\\www\\laravel\\packages\\Gdl2Studio\\IdeHelper\un.php(38): Illuminate\\Foundation\\Console\\Kernel->handle()
#9 {main}
"} 
